<?xml version="1.0" encoding="UTF-8"?>
<testsuites>
  <testsuite name="fastlane.lanes">
    
    
    
      
      <testcase classname="fastlane.lanes" name="0: default_platform" time="0.0537851">
        
      </testcase>
    
      
      <testcase classname="fastlane.lanes" name="1: clean" time="85.4678513">
        
      </testcase>
    
      
      <testcase classname="fastlane.lanes" name="2: assembleDebug" time="166.4776493">
        
      </testcase>
    
      
      <testcase classname="fastlane.lanes" name="3: assembleAndroidTest" time="418.3380815">
        
          <failure message="C:/Ruby27-x64/lib/ruby/gems/2.7.0/gems/fastlane-2.143.0/fastlane/lib/fastlane/actions/actions_helper.rb:48:in `execute_action'&#10;C:/Ruby27-x64/lib/ruby/gems/2.7.0/gems/fastlane-2.143.0/fastlane/lib/fastlane/runner.rb:253:in `block in execute_action'&#10;C:/Ruby27-x64/lib/ruby/gems/2.7.0/gems/fastlane-2.143.0/fastlane/lib/fastlane/runner.rb:227:in `chdir'&#10;C:/Ruby27-x64/lib/ruby/gems/2.7.0/gems/fastlane-2.143.0/fastlane/lib/fastlane/runner.rb:227:in `execute_action'&#10;C:/Ruby27-x64/lib/ruby/gems/2.7.0/gems/fastlane-2.143.0/fastlane/lib/fastlane/runner.rb:157:in `trigger_action_by_name'&#10;C:/Ruby27-x64/lib/ruby/gems/2.7.0/gems/fastlane-2.143.0/fastlane/lib/fastlane/fast_file.rb:159:in `method_missing'&#10;Fastfile:90:in `block (2 levels) in parsing_binding'&#10;C:/Ruby27-x64/lib/ruby/gems/2.7.0/gems/fastlane-2.143.0/fastlane/lib/fastlane/lane.rb:33:in `call'&#10;C:/Ruby27-x64/lib/ruby/gems/2.7.0/gems/fastlane-2.143.0/fastlane/lib/fastlane/runner.rb:49:in `block in execute'&#10;C:/Ruby27-x64/lib/ruby/gems/2.7.0/gems/fastlane-2.143.0/fastlane/lib/fastlane/runner.rb:45:in `chdir'&#10;C:/Ruby27-x64/lib/ruby/gems/2.7.0/gems/fastlane-2.143.0/fastlane/lib/fastlane/runner.rb:45:in `execute'&#10;C:/Ruby27-x64/lib/ruby/gems/2.7.0/gems/fastlane-2.143.0/fastlane/lib/fastlane/lane_manager.rb:56:in `cruise_lane'&#10;C:/Ruby27-x64/lib/ruby/gems/2.7.0/gems/fastlane-2.143.0/fastlane/lib/fastlane/command_line_handler.rb:36:in `handle'&#10;C:/Ruby27-x64/lib/ruby/gems/2.7.0/gems/fastlane-2.143.0/fastlane/lib/fastlane/commands_generator.rb:108:in `block (2 levels) in run'&#10;C:/Ruby27-x64/lib/ruby/gems/2.7.0/gems/commander-fastlane-4.4.6/lib/commander/command.rb:178:in `call'&#10;C:/Ruby27-x64/lib/ruby/gems/2.7.0/gems/commander-fastlane-4.4.6/lib/commander/command.rb:153:in `run'&#10;C:/Ruby27-x64/lib/ruby/gems/2.7.0/gems/commander-fastlane-4.4.6/lib/commander/runner.rb:476:in `run_active_command'&#10;C:/Ruby27-x64/lib/ruby/gems/2.7.0/gems/fastlane-2.143.0/fastlane_core/lib/fastlane_core/ui/fastlane_runner.rb:76:in `run!'&#10;C:/Ruby27-x64/lib/ruby/gems/2.7.0/gems/commander-fastlane-4.4.6/lib/commander/delegates.rb:15:in `run!'&#10;C:/Ruby27-x64/lib/ruby/gems/2.7.0/gems/fastlane-2.143.0/fastlane/lib/fastlane/commands_generator.rb:349:in `run'&#10;C:/Ruby27-x64/lib/ruby/gems/2.7.0/gems/fastlane-2.143.0/fastlane/lib/fastlane/commands_generator.rb:41:in `start'&#10;C:/Ruby27-x64/lib/ruby/gems/2.7.0/gems/fastlane-2.143.0/fastlane/lib/fastlane/cli_tools_distributor.rb:119:in `take_off'&#10;C:/Ruby27-x64/lib/ruby/gems/2.7.0/gems/fastlane-2.143.0/bin/fastlane:23:in `&lt;top (required)&gt;'&#10;C:/Ruby27-x64/bin/fastlane:23:in `load'&#10;C:/Ruby27-x64/bin/fastlane:23:in `&lt;main&gt;'&#10;&#10;Exit status of command 'C:/Users/jyoth/ashish/Bitbucket/matchme/starflut_example/android/gradlew assembleAndroidTest -p .' was 1 instead of 0.&#10;&#10;&gt; Configure project :app&#10;WARNING: The option setting 'android.enableR8=true' is experimental and unsupported.&#10;The current default is 'false'&#10;Consider disabling R8 by removing 'android.enableR8=true' from your gradle.properties before publishing your app.&#10;WARNING: Configuration 'androidTestCompile' is obsolete and has been replaced with 'androidTestImplementation' and 'androidTestApi'.&#10;It will be removed at the end of 2018. For more information see: http://d.android.com/r/tools/update-dependency-configurations.html&#10;WARNING: Configuration 'androidTestApi' is obsolete and has been replaced with 'androidTestImplementation'.&#10;It will be removed at the end of 2018. For more information see: http://d.android.com/r/tools/update-dependency-configurations.html&#10;&#10;&gt; Configure project :starflut&#10;WARNING: The option setting 'android.enableR8=true' is experimental and unsupported.&#10;The current default is 'false'&#10;Consider disabling R8 by removing 'android.enableR8=true' from your gradle.properties before publishing your app.&#10;WARNING: Configuration 'compile' is obsolete and has been replaced with 'implementation' and 'api'.&#10;It will be removed at the end of 2018. For more information see: http://d.android.com/r/tools/update-dependency-configurations.html&#10;&#10;&gt; Task :app:compileFlutterBuildDebug&#10;&gt; Task :app:packLibsflutterBuildDebug UP-TO-DATE&#10;&gt; Task :app:checkDebugAndroidTestClasspath&#10;&gt; Task :app:preBuild UP-TO-DATE&#10;&gt; Task :app:preDebugAndroidTestBuild&#10;&gt; Task :starflut:preBuild UP-TO-DATE&#10;&gt; Task :starflut:preDebugBuild UP-TO-DATE&#10;&gt; Task :starflut:compileDebugAidl NO-SOURCE&#10;&gt; Task :app:compileDebugAndroidTestAidl NO-SOURCE&#10;&gt; Task :app:checkDebugClasspath UP-TO-DATE&#10;&gt; Task :starflut:checkDebugManifest UP-TO-DATE&#10;&gt; Task :starflut:processDebugManifest UP-TO-DATE&#10;&gt; Task :app:preDebugBuild UP-TO-DATE&#10;&gt; Task :app:checkDebugManifest UP-TO-DATE&#10;&gt; Task :app:createDebugCompatibleScreenManifests UP-TO-DATE&#10;&gt; Task :app:mainApkListPersistenceDebug UP-TO-DATE&#10;&gt; Task :app:processDebugManifest UP-TO-DATE&#10;&gt; Task :app:processDebugAndroidTestManifest&#10;&gt; Task :starflut:packageDebugRenderscript NO-SOURCE&#10;&gt; Task :app:compileDebugAndroidTestRenderscript&#10;&gt; Task :app:generateDebugAndroidTestBuildConfig&#10;&gt; Task :app:prepareLintJar UP-TO-DATE&#10;&gt; Task :app:mainApkListPersistenceDebugAndroidTest&#10;&gt; Task :app:generateDebugAndroidTestResValues&#10;&gt; Task :app:generateDebugAndroidTestResources&#10;&gt; Task :starflut:compileDebugRenderscript UP-TO-DATE&#10;&gt; Task :starflut:generateDebugResValues UP-TO-DATE&#10;&gt; Task :starflut:generateDebugResources UP-TO-DATE&#10;&gt; Task :starflut:packageDebugResources UP-TO-DATE&#10;&gt; Task :app:mergeDebugAndroidTestResources&#10;&gt; Task :starflut:generateDebugRFile UP-TO-DATE&#10;&gt; Task :app:processDebugAndroidTestResources&#10;&gt; Task :app:generateDebugAndroidTestSources&#10;&gt; Task :app:compileDebugAidl NO-SOURCE&#10;&gt; Task :app:compileDebugRenderscript UP-TO-DATE&#10;&gt; Task :app:generateDebugBuildConfig UP-TO-DATE&#10;&gt; Task :app:cleanMergeDebugAssets&#10;&gt; Task :app:mergeDebugShaders UP-TO-DATE&#10;&gt; Task :app:compileDebugShaders UP-TO-DATE&#10;&gt; Task :app:generateDebugAssets UP-TO-DATE&#10;&gt; Task :starflut:mergeDebugShaders UP-TO-DATE&#10;&gt; Task :starflut:compileDebugShaders UP-TO-DATE&#10;&gt; Task :starflut:generateDebugAssets UP-TO-DATE&#10;&gt; Task :starflut:packageDebugAssets UP-TO-DATE&#10;&gt; Task :app:mergeDebugAssets&#10;&gt; Task :app:copyFlutterAssetsDebug&#10;&gt; Task :app:generateDebugResValues UP-TO-DATE&#10;&gt; Task :app:generateDebugResources UP-TO-DATE&#10;&gt; Task :app:mergeDebugResources UP-TO-DATE&#10;&gt; Task :app:splitsDiscoveryTaskDebug UP-TO-DATE&#10;&gt; Task :app:processDebugResources UP-TO-DATE&#10;&gt; Task :app:generateDebugSources UP-TO-DATE&#10;&gt; Task :starflut:generateDebugBuildConfig UP-TO-DATE&#10;&gt; Task :starflut:prepareLintJar UP-TO-DATE&#10;&gt; Task :starflut:generateDebugSources UP-TO-DATE&#10;&gt; Task :starflut:javaPreCompileDebug UP-TO-DATE&#10;&gt; Task :starflut:compileDebugJavaWithJavac UP-TO-DATE&#10;&gt; Task :starflut:processDebugJavaRes NO-SOURCE&#10;&gt; Task :starflut:transformClassesAndResourcesWithPrepareIntermediateJarsForDebug UP-TO-DATE&#10;&gt; Task :app:javaPreCompileDebug UP-TO-DATE&#10;&gt; Task :app:compileDebugJavaWithJavac UP-TO-DATE&#10;&gt; Task :app:packageAppClassesDebug&#10;&gt; Task :app:javaPreCompileDebugAndroidTest&#10;&gt; Task :app:compileDebugAndroidTestJavaWithJavac&#10;&gt; Task :app:compileDebugAndroidTestNdk NO-SOURCE&#10;&gt; Task :app:compileDebugAndroidTestSources&#10;&gt; Task :app:mergeDebugAndroidTestShaders&#10;&gt; Task :app:compileDebugAndroidTestShaders&#10;&gt; Task :app:generateDebugAndroidTestAssets&#10;&gt; Task :app:mergeDebugAndroidTestAssets&#10;&gt; Task :app:transformClassesWithDexBuilderForDebugAndroidTest&#10;&gt; Task :app:transformDexArchiveWithExternalLibsDexMergerForDebugAndroidTest&#10;&gt; Task :app:transformDexArchiveWithDexMergerForDebugAndroidTest&#10;&gt; Task :app:mergeDebugAndroidTestJniLibFolders&#10;&gt; Task :starflut:compileDebugNdk NO-SOURCE&#10;&gt; Task :starflut:mergeDebugJniLibFolders UP-TO-DATE&#10;&gt; Task :starflut:transformNativeLibsWithMergeJniLibsForDebug UP-TO-DATE&#10;&gt; Task :starflut:transformNativeLibsWithIntermediateJniLibsForDebug UP-TO-DATE&#10;&gt; Task :app:transformNativeLibsWithMergeJniLibsForDebugAndroidTest&#10;&gt; Task :app:processDebugAndroidTestJavaRes NO-SOURCE&#10;&gt; Task :app:transformResourcesWithMergeJavaResForDebugAndroidTest&#10;&gt; Task :app:validateSigningDebugAndroidTest&#10;&gt; Task :app:packageDebugAndroidTest&#10;&gt; Task :app:assembleDebugAndroidTest&#10;&gt; Task :app:assembleAndroidTest&#10;&gt; Task :starflut:preDebugAndroidTestBuild UP-TO-DATE&#10;&gt; Task :starflut:compileDebugAndroidTestAidl NO-SOURCE&#10;&gt; Task :starflut:processDebugAndroidTestManifest&#10;&gt; Task :starflut:compileDebugAndroidTestRenderscript&#10;&gt; Task :starflut:generateDebugAndroidTestBuildConfig&#10;&gt; Task :starflut:mainApkListPersistenceDebugAndroidTest&#10;&gt; Task :starflut:generateDebugAndroidTestResValues&#10;&gt; Task :starflut:generateDebugAndroidTestResources&#10;&gt; Task :starflut:mergeDebugAndroidTestResources&#10;&gt; Task :starflut:processDebugAndroidTestResources&#10;&gt; Task :starflut:processDebugAndroidTestResources FAILED&#10;&#10;FAILURE: Build failed with an exception.&#10;&#10;* What went wrong:&#10;Execution failed for task ':starflut:processDebugAndroidTestResources'.&#10;&gt; Android resource linking failed&#10;  Output:  C:\Users\jyoth\ashish\Bitbucket\matchme\starflut_example\build\starflut\intermediates\incremental\mergeDebugAndroidTestResources\merged.dir\values\values.xml:186: error: resource android:attr/fontVariationSettings not found.&#10;  C:\Users\jyoth\ashish\Bitbucket\matchme\starflut_example\build\starflut\intermediates\incremental\mergeDebugAndroidTestResources\merged.dir\values\values.xml:187: error: resource android:attr/ttcIndex not found.&#10;  error: failed linking references.&#10;  &#10;  Command: C:\Users\jyoth\.gradle\caches\transforms-1\files-1.1\aapt2-3.2.1-4818971-windows.jar\a166741417b5412cfe22dab2b7c96dfc\aapt2-3.2.1-4818971-windows\aapt2.exe link -I\&#10;          C:\Users\jyoth\AppData\Local\Android\Sdk\platforms\android-27\android.jar\&#10;          --manifest\&#10;          C:\Users\jyoth\ashish\Bitbucket\matchme\starflut_example\build\starflut\intermediates\merged_manifests\debugAndroidTest\processDebugAndroidTestManifest\merged\AndroidManifest.xml\&#10;          -o\&#10;          C:\Users\jyoth\ashish\Bitbucket\matchme\starflut_example\build\starflut\intermediates\processed_res\debugAndroidTest\processDebugAndroidTestResources\out\resources-debugAndroidTest.ap_\&#10;          -R\&#10;          @C:\Users\jyoth\ashish\Bitbucket\matchme\starflut_example\build\starflut\intermediates\incremental\processDebugAndroidTestResources\resources-list-for-resources-debugAndroidTest.ap_.txt\&#10;          --auto-add-overlay\&#10;          --java\&#10;          C:\Users\jyoth\ashish\Bitbucket\matchme\starflut_example\build\starflut\generated\not_namespaced_r_class_sources\debugAndroidTest\processDebugAndroidTestResources\r\&#10;          -0\&#10;          apk\&#10;          --output-text-symbols\&#10;          C:\Users\jyoth\ashish\Bitbucket\matchme\starflut_example\build\starflut\intermediates\symbols\androidTest\debug\R.txt\&#10;          --no-version-vectors&#10;  Daemon:  AAPT2 aapt2-3.2.1-4818971-windows Daemon #0&#10;  Output:  C:\Users\jyoth\.gradle\caches\transforms-1\files-1.1\support-compat-28.0.0.aar\0cfd2095a0b7063d842d72e456a275d7\res\values\values.xml:89:5-125:25: AAPT: error: resource android:attr/fontVariationSettings not found.&#10;      &#10;  C:\Users\jyoth\.gradle\caches\transforms-1\files-1.1\support-compat-28.0.0.aar\0cfd2095a0b7063d842d72e456a275d7\res\values\values.xml:89:5-125:25: AAPT: error: resource android:attr/ttcIndex not found.&#10;      &#10;  error: failed linking references.&#10;  Command: C:\Users\jyoth\.gradle\caches\transforms-1\files-1.1\aapt2-3.2.1-4818971-windows.jar\a166741417b5412cfe22dab2b7c96dfc\aapt2-3.2.1-4818971-windows\aapt2.exe link -I\&#10;          C:\Users\jyoth\AppData\Local\Android\Sdk\platforms\android-27\android.jar\&#10;          --manifest\&#10;          C:\Users\jyoth\ashish\Bitbucket\matchme\starflut_example\build\starflut\intermediates\merged_manifests\debugAndroidTest\processDebugAndroidTestManifest\merged\AndroidManifest.xml\&#10;          -o\&#10;          C:\Users\jyoth\ashish\Bitbucket\matchme\starflut_example\build\starflut\intermediates\processed_res\debugAndroidTest\processDebugAndroidTestResources\out\resources-debugAndroidTest.ap_\&#10;          -R\&#10;          @C:\Users\jyoth\ashish\Bitbucket\matchme\starflut_example\build\starflut\intermediates\incremental\processDebugAndroidTestResources\resources-list-for-resources-debugAndroidTest.ap_.txt\&#10;          --auto-add-overlay\&#10;          --java\&#10;          C:\Users\jyoth\ashish\Bitbucket\matchme\starflut_example\build\starflut\generated\not_namespaced_r_class_sources\debugAndroidTest\processDebugAndroidTestResources\r\&#10;          -0\&#10;          apk\&#10;          --output-text-symbols\&#10;          C:\Users\jyoth\ashish\Bitbucket\matchme\starflut_example\build\starflut\intermediates\symbols\androidTest\debug\R.txt\&#10;          --no-version-vectors&#10;  Daemon:  AAPT2 aapt2-3.2.1-4818971-windows Daemon #0&#10;&#10;* Try:&#10;Run with --stacktrace option to get the stack trace. Run with --info or --debug option to get more log output. Run with --scan to get full insights.&#10;&#10;* Get more help at https://help.gradle.org&#10;&#10;BUILD FAILED in 6m 54s&#10;69 actionable tasks: 34 executed, 35 up-to-date&#10;" />
        
      </testcase>
    
  </testsuite>
</testsuites>
